<?xml version="1.0" encoding="UTF-8"?>
<!-- Generated by org.testng.reporters.JUnitXMLReporter -->
<testsuite ignored="34" hostname="DESKTOP-OEDCVN9" failures="1" tests="1" name="Default test" time="47.456" errors="0" timestamp="2022-05-10T20:43:03 IST">
  <testcase classname="sellershub.sellershub.TestCase" name="RegistrationTestCase" time="45.277">
    <failure type="org.openqa.selenium.WebDriverException" message="chrome not reachable
  (Session info: chrome=100.0.4896.127)
Build info: version: &amp;apos;3.141.59&amp;apos;, revision: &amp;apos;e82be7d358&amp;apos;, time: &amp;apos;2018-11-14T08:17:03&amp;apos;
System info: host: &amp;apos;DESKTOP-OEDCVN9&amp;apos;, ip: &amp;apos;192.168.6.126&amp;apos;, os.name: &amp;apos;Windows 10&amp;apos;, os.arch: &amp;apos;amd64&amp;apos;, os.version: &amp;apos;10.0&amp;apos;, java.version: &amp;apos;16.0.2&amp;apos;
Driver info: org.openqa.selenium.chrome.ChromeDriver
Capabilities {acceptInsecureCerts: false, browserName: chrome, browserVersion: 100.0.4896.127, chrome: {chromedriverVersion: 100.0.4896.60 (6a5d10861ce8..., userDataDir: C:\Users\Vamshi\AppData\Loc...}, goog:chromeOptions: {debuggerAddress: localhost:58355}, javascriptEnabled: true, networkConnectionEnabled: false, pageLoadStrategy: normal, platform: WINDOWS, platformName: WINDOWS, proxy: Proxy(), setWindowRect: true, strictFileInteractability: false, timeouts: {implicit: 0, pageLoad: 300000, script: 30000}, unhandledPromptBehavior: dismiss and notify, webauthn:extension:credBlob: true, webauthn:extension:largeBlob: true, webauthn:virtualAuthenticators: true}
Session ID: 2545932fa370263d190f80d742e0f30e
*** Element info: {Using=xpath, value=//*[@id=&amp;quot;search-modal&amp;quot;]/div/div/div[2]/div}">
      <![CDATA[org.openqa.selenium.WebDriverException: chrome not reachable
  (Session info: chrome=100.0.4896.127)
Build info: version: '3.141.59', revision: 'e82be7d358', time: '2018-11-14T08:17:03'
System info: host: 'DESKTOP-OEDCVN9', ip: '192.168.6.126', os.name: 'Windows 10', os.arch: 'amd64', os.version: '10.0', java.version: '16.0.2'
Driver info: org.openqa.selenium.chrome.ChromeDriver
Capabilities {acceptInsecureCerts: false, browserName: chrome, browserVersion: 100.0.4896.127, chrome: {chromedriverVersion: 100.0.4896.60 (6a5d10861ce8..., userDataDir: C:\Users\Vamshi\AppData\Loc...}, goog:chromeOptions: {debuggerAddress: localhost:58355}, javascriptEnabled: true, networkConnectionEnabled: false, pageLoadStrategy: normal, platform: WINDOWS, platformName: WINDOWS, proxy: Proxy(), setWindowRect: true, strictFileInteractability: false, timeouts: {implicit: 0, pageLoad: 300000, script: 30000}, unhandledPromptBehavior: dismiss and notify, webauthn:extension:credBlob: true, webauthn:extension:largeBlob: true, webauthn:virtualAuthenticators: true}
Session ID: 2545932fa370263d190f80d742e0f30e
*** Element info: {Using=xpath, value=//*[@id="search-modal"]/div/div/div[2]/div}
at java.base/jdk.internal.reflect.NativeConstructorAccessorImpl.newInstance0(Native Method)
at java.base/jdk.internal.reflect.NativeConstructorAccessorImpl.newInstance(NativeConstructorAccessorImpl.java:78)
at java.base/jdk.internal.reflect.DelegatingConstructorAccessorImpl.newInstance(DelegatingConstructorAccessorImpl.java:45)
at java.base/java.lang.reflect.Constructor.newInstanceWithCaller(Constructor.java:499)
at java.base/java.lang.reflect.Constructor.newInstance(Constructor.java:480)
at org.openqa.selenium.remote.http.W3CHttpResponseCodec.createException(W3CHttpResponseCodec.java:187)
at org.openqa.selenium.remote.http.W3CHttpResponseCodec.decode(W3CHttpResponseCodec.java:122)
at org.openqa.selenium.remote.http.W3CHttpResponseCodec.decode(W3CHttpResponseCodec.java:49)
at org.openqa.selenium.remote.HttpCommandExecutor.execute(HttpCommandExecutor.java:158)
at org.openqa.selenium.remote.service.DriverCommandExecutor.execute(DriverCommandExecutor.java:83)
at org.openqa.selenium.remote.RemoteWebDriver.execute(RemoteWebDriver.java:552)
at org.openqa.selenium.remote.RemoteWebDriver.findElement(RemoteWebDriver.java:323)
at org.openqa.selenium.remote.RemoteWebDriver.findElementByXPath(RemoteWebDriver.java:428)
at org.openqa.selenium.By$ByXPath.findElement(By.java:353)
at org.openqa.selenium.remote.RemoteWebDriver.findElement(RemoteWebDriver.java:315)
at sellershub.sellershub.TestCase.RegistrationTestCase(TestCase.java:74)
at java.base/jdk.internal.reflect.NativeMethodAccessorImpl.invoke0(Native Method)
at java.base/jdk.internal.reflect.NativeMethodAccessorImpl.invoke(NativeMethodAccessorImpl.java:78)
at java.base/jdk.internal.reflect.DelegatingMethodAccessorImpl.invoke(DelegatingMethodAccessorImpl.java:43)
at java.base/java.lang.reflect.Method.invoke(Method.java:567)
at org.testng.internal.MethodInvocationHelper.invokeMethod(MethodInvocationHelper.java:133)
at org.testng.internal.TestInvoker.invokeMethod(TestInvoker.java:598)
at org.testng.internal.TestInvoker.invokeTestMethod(TestInvoker.java:173)
at org.testng.internal.MethodRunner.runInSequence(MethodRunner.java:46)
at org.testng.internal.TestInvoker$MethodInvocationAgent.invoke(TestInvoker.java:824)
at org.testng.internal.TestInvoker.invokeTestMethods(TestInvoker.java:146)
at org.testng.internal.TestMethodWorker.invokeTestMethods(TestMethodWorker.java:146)
at org.testng.internal.TestMethodWorker.run(TestMethodWorker.java:128)
at java.base/java.util.ArrayList.forEach(ArrayList.java:1511)
at org.testng.TestRunner.privateRun(TestRunner.java:794)
at org.testng.TestRunner.run(TestRunner.java:596)
at org.testng.SuiteRunner.runTest(SuiteRunner.java:377)
at org.testng.SuiteRunner.runSequentially(SuiteRunner.java:371)
at org.testng.SuiteRunner.privateRun(SuiteRunner.java:332)
at org.testng.SuiteRunner.run(SuiteRunner.java:276)
at org.testng.SuiteRunnerWorker.runSuite(SuiteRunnerWorker.java:53)
at org.testng.SuiteRunnerWorker.run(SuiteRunnerWorker.java:96)
at org.testng.TestNG.runSuitesSequentially(TestNG.java:1212)
at org.testng.TestNG.runSuitesLocally(TestNG.java:1134)
at org.testng.TestNG.runSuites(TestNG.java:1063)
at org.testng.TestNG.run(TestNG.java:1031)
at org.testng.remote.AbstractRemoteTestNG.run(AbstractRemoteTestNG.java:115)
at org.testng.remote.RemoteTestNG.initAndRun(RemoteTestNG.java:251)
at org.testng.remote.RemoteTestNG.main(RemoteTestNG.java:77)
]]>
    </failure>
  </testcase> <!-- RegistrationTestCase -->
  <testcase classname="sellershub.sellershub.TestCase" name="EbayIntegrationTestCase" time="0.0">
    <ignored/>
  </testcase> <!-- EbayIntegrationTestCase -->
  <testcase classname="sellershub.sellershub.TestCase" name="productspage" time="0.0">
    <ignored/>
  </testcase> <!-- productspage -->
  <testcase classname="sellershub.sellershub.TestCase" name="CreateLocation" time="0.0">
    <ignored/>
  </testcase> <!-- CreateLocation -->
  <testcase classname="sellershub.sellershub.TestCase" name="CancelOrderTestCase" time="0.0">
    <ignored/>
  </testcase> <!-- CancelOrderTestCase -->
  <testcase classname="sellershub.sellershub.TestCase" name="SalesOrderPage" time="0.0">
    <ignored/>
  </testcase> <!-- SalesOrderPage -->
  <testcase classname="sellershub.sellershub.TestCase" name="StockViewPage" time="0.0">
    <ignored/>
  </testcase> <!-- StockViewPage -->
  <testcase classname="sellershub.sellershub.TestCase" name="Categories" time="0.0">
    <ignored/>
  </testcase> <!-- Categories -->
  <testcase classname="sellershub.sellershub.TestCase" name="WareHousesPage" time="0.0">
    <ignored/>
  </testcase> <!-- WareHousesPage -->
  <testcase classname="sellershub.sellershub.TestCase" name="LoginTestCase" time="0.0">
    <ignored/>
  </testcase> <!-- LoginTestCase -->
  <testcase classname="sellershub.sellershub.TestCase" name="StockValueReport" time="0.0">
    <ignored/>
  </testcase> <!-- StockValueReport -->
  <testcase classname="sellershub.sellershub.TestCase" name="CancelledOrdersPage" time="0.0">
    <ignored/>
  </testcase> <!-- CancelledOrdersPage -->
  <testcase classname="sellershub.sellershub.TestCase" name="ShippedOrdersPage" time="0.0">
    <ignored/>
  </testcase> <!-- ShippedOrdersPage -->
  <testcase classname="sellershub.sellershub.TestCase" name="ExportOrderToCSVTestCase" time="0.0">
    <ignored/>
  </testcase> <!-- ExportOrderToCSVTestCase -->
  <testcase classname="sellershub.sellershub.TestCase" name="OrderSummaryPage" time="0.0">
    <ignored/>
  </testcase> <!-- OrderSummaryPage -->
  <testcase classname="sellershub.sellershub.TestCase" name="SalesOrderTestCase" time="0.0">
    <ignored/>
  </testcase> <!-- SalesOrderTestCase -->
  <testcase classname="sellershub.sellershub.TestCase" name="OrderSummaryTestCase" time="0.0">
    <ignored/>
  </testcase> <!-- OrderSummaryTestCase -->
  <testcase classname="sellershub.sellershub.TestCase" name="SalesByProdcut" time="0.0">
    <ignored/>
  </testcase> <!-- SalesByProdcut -->
  <testcase classname="sellershub.sellershub.TestCase" name="addproduct" time="0.0">
    <ignored/>
  </testcase> <!-- addproduct -->
  <testcase classname="sellershub.sellershub.TestCase" name="ListedProductsPage" time="0.0">
    <ignored/>
  </testcase> <!-- ListedProductsPage -->
  <testcase classname="sellershub.sellershub.TestCase" name="OrderHistoryReport" time="0.0">
    <ignored/>
  </testcase> <!-- OrderHistoryReport -->
  <testcase classname="sellershub.sellershub.TestCase" name="ChannelProducts" time="0.0">
    <ignored/>
  </testcase> <!-- ChannelProducts -->
  <testcase classname="sellershub.sellershub.TestCase" name="PrintLabelTestCase" time="0.0">
    <ignored/>
  </testcase> <!-- PrintLabelTestCase -->
  <testcase classname="sellershub.sellershub.TestCase" name="MCFOrdersPage" time="0.0">
    <ignored/>
  </testcase> <!-- MCFOrdersPage -->
  <testcase classname="sellershub.sellershub.TestCase" name="CreateOrderTestCase" time="0.0">
    <ignored/>
  </testcase> <!-- CreateOrderTestCase -->
  <testcase classname="sellershub.sellershub.TestCase" name="LowStockReport" time="0.0">
    <ignored/>
  </testcase> <!-- LowStockReport -->
  <testcase classname="sellershub.sellershub.TestCase" name="CreateWareHouse" time="0.0">
    <ignored/>
  </testcase> <!-- CreateWareHouse -->
  <testcase classname="sellershub.sellershub.TestCase" name="ViewOrderDetailsTestCase" time="0.0">
    <ignored/>
  </testcase> <!-- ViewOrderDetailsTestCase -->
  <testcase classname="sellershub.sellershub.TestCase" name="WaitingToListPage" time="0.0">
    <ignored/>
  </testcase> <!-- WaitingToListPage -->
  <testcase classname="sellershub.sellershub.TestCase" name="ListingErrorsPage" time="0.0">
    <ignored/>
  </testcase> <!-- ListingErrorsPage -->
  <testcase classname="sellershub.sellershub.TestCase" name="EditPOTestCase" time="0.0">
    <ignored/>
  </testcase> <!-- EditPOTestCase -->
  <testcase classname="sellershub.sellershub.TestCase" name="PurchaseOrdersPage" time="0.0">
    <ignored/>
  </testcase> <!-- PurchaseOrdersPage -->
  <testcase classname="sellershub.sellershub.TestCase" name="ClosedProductsPage" time="0.0">
    <ignored/>
  </testcase> <!-- ClosedProductsPage -->
  <testcase classname="sellershub.sellershub.TestCase" name="ProductsInFBAPage" time="0.0">
    <ignored/>
  </testcase> <!-- ProductsInFBAPage -->
  <testcase classname="sellershub.sellershub.TestCase" name="dashboard" time="0.0">
    <ignored/>
  </testcase> <!-- dashboard -->
</testsuite> <!-- Default test -->
